<?xml version="1.0" encoding="UTF-8"?>
<!-- Generated by org.testng.reporters.JUnitXMLReporter -->
<testsuite hostname="MTL116" ignored="1" name="Test 1 Chrome" tests="1" failures="0" timestamp="07 Nov 2019 13:04:57 GMT" time="48.385" errors="0">
  <testcase name="loginWithValidCredentialsTest" time="12.311" classname="testautomationjava.testscripts.LoginTest"/>
  <testcase name="loginWithInvalidCredentialsTest" time="0.0" classname="testautomationjava.testscripts.LoginTest">
    <ignored/>
  </testcase> <!-- loginWithInvalidCredentialsTest -->
</testsuite> <!-- Test 1 Chrome -->
