<?xml version="1.0" encoding="UTF-8"?>
<!-- Generated by org.testng.reporters.JUnitXMLReporter -->
<testsuite hostname="MTL116" ignored="1" name="Test 1 Firefox" tests="1" failures="0" timestamp="07 Nov 2019 13:04:58 GMT" time="49.419" errors="0">
  <testcase name="loginWithValidCredentialsTest" time="8.476" classname="testautomationjava.testscripts.LoginTest"/>
  <testcase name="loginWithInvalidCredentialsTest" time="0.0" classname="testautomationjava.testscripts.LoginTest">
    <ignored/>
  </testcase> <!-- loginWithInvalidCredentialsTest -->
</testsuite> <!-- Test 1 Firefox -->
