<?xml version="1.0" encoding="UTF-8"?>
<!-- Generated by org.testng.reporters.JUnitXMLReporter -->
<testsuite hostname="MTL116" ignored="1" name="Test 2 Firefox" tests="1" failures="0" timestamp="07 Nov 2019 13:04:53 GMT" time="44.328" errors="0">
  <testcase name="loginWithInvalidCredentialsTest" time="1.754" classname="testautomationjava.testscripts.LoginTest"/>
  <testcase name="loginWithValidCredentialsTest" time="0.0" classname="testautomationjava.testscripts.LoginTest">
    <ignored/>
  </testcase> <!-- loginWithValidCredentialsTest -->
</testsuite> <!-- Test 2 Firefox -->
